Connecting to database specified by database.yml
Connecting to database specified by database.yml
  [1m[36m (17.2ms)[0m  [1mselect sqlite_version(*)[0m
  [1m[35m (1.9ms)[0m  CREATE TABLE "schema_migrations" ("version" varchar(255) NOT NULL) 
  [1m[36m (0.0ms)[0m  [1mPRAGMA index_list("schema_migrations")[0m
  [1m[35m (1.2ms)[0m  CREATE UNIQUE INDEX "unique_schema_migrations" ON "schema_migrations" ("version")
  [1m[36m (0.1ms)[0m  [1mSELECT "schema_migrations"."version" FROM "schema_migrations" [0m
Migrating to CreateArticles (20120909031730)
  [1m[35m (0.0ms)[0m  begin transaction
  [1m[36m (0.4ms)[0m  [1mCREATE TABLE "articles" ("id" INTEGER PRIMARY KEY AUTOINCREMENT NOT NULL, "when" date, "body" text, "author" varchar(255), "created_at" datetime NOT NULL, "updated_at" datetime NOT NULL) [0m
  [1m[35m (0.1ms)[0m  INSERT INTO "schema_migrations" ("version") VALUES ('20120909031730')
  [1m[36m (1.4ms)[0m  [1mcommit transaction[0m
  [1m[35m (0.2ms)[0m  select sqlite_version(*)
  [1m[36m (0.1ms)[0m  [1mSELECT "schema_migrations"."version" FROM "schema_migrations" [0m
  [1m[35m (0.0ms)[0m  PRAGMA index_list("articles")


Started GET "/things" for 127.0.0.1 at 2012-09-08 22:21:13 -0500
Connecting to database specified by database.yml

ActionController::RoutingError (No route matches [GET] "/things"):
  actionpack (3.2.8) lib/action_dispatch/middleware/debug_exceptions.rb:21:in `call'
  actionpack (3.2.8) lib/action_dispatch/middleware/show_exceptions.rb:56:in `call'
  railties (3.2.8) lib/rails/rack/logger.rb:26:in `call_app'
  railties (3.2.8) lib/rails/rack/logger.rb:16:in `call'
  actionpack (3.2.8) lib/action_dispatch/middleware/request_id.rb:22:in `call'
  rack (1.4.1) lib/rack/methodoverride.rb:21:in `call'
  rack (1.4.1) lib/rack/runtime.rb:17:in `call'
  activesupport (3.2.8) lib/active_support/cache/strategy/local_cache.rb:72:in `call'
  rack (1.4.1) lib/rack/lock.rb:15:in `call'
  actionpack (3.2.8) lib/action_dispatch/middleware/static.rb:62:in `call'
  railties (3.2.8) lib/rails/engine.rb:479:in `call'
  railties (3.2.8) lib/rails/application.rb:223:in `call'
  rack (1.4.1) lib/rack/content_length.rb:14:in `call'
  railties (3.2.8) lib/rails/rack/log_tailer.rb:17:in `call'
  rack (1.4.1) lib/rack/handler/webrick.rb:59:in `service'
  /Users/dkeefe75/.rvm/rubies/ruby-1.9.3-p194/lib/ruby/1.9.1/webrick/httpserver.rb:138:in `service'
  /Users/dkeefe75/.rvm/rubies/ruby-1.9.3-p194/lib/ruby/1.9.1/webrick/httpserver.rb:94:in `run'
  /Users/dkeefe75/.rvm/rubies/ruby-1.9.3-p194/lib/ruby/1.9.1/webrick/server.rb:191:in `block in start_thread'


  Rendered /Users/dkeefe75/.rvm/gems/ruby-1.9.3-p194/gems/actionpack-3.2.8/lib/action_dispatch/middleware/templates/rescues/routing_error.erb within rescues/layout (2.4ms)


Started GET "/articles/" for 127.0.0.1 at 2012-09-08 22:21:16 -0500
Processing by ArticlesController#index as HTML
  [1m[36mArticle Load (0.1ms)[0m  [1mSELECT "articles".* FROM "articles" [0m
  Rendered articles/index.html.erb within layouts/application (1.1ms)
Compiled articles.css  (96ms)  (pid 11778)
Compiled scaffolds.css  (39ms)  (pid 11778)
Compiled application.css  (152ms)  (pid 11778)
Compiled jquery.js  (4ms)  (pid 11778)
Compiled jquery_ujs.js  (0ms)  (pid 11778)
Compiled articles.js  (400ms)  (pid 11778)
Compiled application.js  (519ms)  (pid 11778)
Completed 200 OK in 1306ms (Views: 848.3ms | ActiveRecord: 1.7ms)


Started GET "/assets/articles.css?body=1" for 127.0.0.1 at 2012-09-08 22:21:17 -0500
Served asset /articles.css - 200 OK (6ms)


Started GET "/assets/scaffolds.css?body=1" for 127.0.0.1 at 2012-09-08 22:21:17 -0500
Served asset /scaffolds.css - 304 Not Modified (2ms)


Started GET "/assets/articles.js?body=1" for 127.0.0.1 at 2012-09-08 22:21:17 -0500
Served asset /articles.js - 200 OK (1ms)


Started GET "/assets/jquery_ujs.js?body=1" for 127.0.0.1 at 2012-09-08 22:21:17 -0500
Served asset /jquery_ujs.js - 304 Not Modified (2ms)


Started GET "/assets/jquery.js?body=1" for 127.0.0.1 at 2012-09-08 22:21:18 -0500
Served asset /jquery.js - 304 Not Modified (3ms)


Started GET "/assets/application.css?body=1" for 127.0.0.1 at 2012-09-08 22:21:18 -0500
Served asset /application.css - 200 OK (3ms)


Started GET "/assets/application.js?body=1" for 127.0.0.1 at 2012-09-08 22:21:18 -0500
Served asset /application.js - 200 OK (7ms)


Started GET "/articles/new" for 127.0.0.1 at 2012-09-08 22:21:21 -0500
Processing by ArticlesController#new as HTML
  Rendered articles/_form.html.erb (103.5ms)
  Rendered articles/new.html.erb within layouts/application (144.8ms)
Completed 200 OK in 171ms (Views: 163.7ms | ActiveRecord: 0.0ms)


Started GET "/assets/scaffolds.css?body=1" for 127.0.0.1 at 2012-09-08 22:21:21 -0500
Served asset /scaffolds.css - 304 Not Modified (0ms)


Started GET "/assets/jquery_ujs.js?body=1" for 127.0.0.1 at 2012-09-08 22:21:21 -0500
Served asset /jquery_ujs.js - 304 Not Modified (0ms)


Started GET "/assets/jquery.js?body=1" for 127.0.0.1 at 2012-09-08 22:21:21 -0500
Served asset /jquery.js - 304 Not Modified (0ms)


Started GET "/articles/new" for 127.0.0.1 at 2012-09-08 22:32:47 -0500
Connecting to database specified by database.yml
Processing by ArticlesController#new as HTML
  Rendered articles/_form.html.erb (41.7ms)
  Rendered articles/new.html.erb within layouts/application (47.4ms)
Compiled jquery.ui.core.css  (1ms)  (pid 11802)
Compiled jquery.ui.theme.css  (9ms)  (pid 11802)
Compiled jquery.ui.datepicker.css  (35ms)  (pid 11802)
Compiled application.css  (86ms)  (pid 11802)
Compiled articles.js  (195ms)  (pid 11802)
Compiled jquery.ui.core.js  (2ms)  (pid 11802)
Compiled jquery.ui.datepicker.js  (75ms)  (pid 11802)
Compiled application.js  (166ms)  (pid 11802)
Completed 200 OK in 707ms (Views: 679.8ms | ActiveRecord: 1.9ms)


Started GET "/assets/jquery.ui.core.css?body=1" for 127.0.0.1 at 2012-09-08 22:32:48 -0500
Served asset /jquery.ui.core.css - 304 Not Modified (3ms)


Started GET "/assets/jquery.ui.theme.css?body=1" for 127.0.0.1 at 2012-09-08 22:32:48 -0500
Served asset /jquery.ui.theme.css - 304 Not Modified (3ms)


Started GET "/assets/scaffolds.css?body=1" for 127.0.0.1 at 2012-09-08 22:32:48 -0500
Served asset /scaffolds.css - 304 Not Modified (1ms)


Started GET "/assets/application.css?body=1" for 127.0.0.1 at 2012-09-08 22:32:48 -0500
Served asset /application.css - 200 OK (8ms)


Started GET "/assets/articles.css?body=1" for 127.0.0.1 at 2012-09-08 22:32:48 -0500
Served asset /articles.css - 304 Not Modified (33ms)


Started GET "/assets/jquery.ui.datepicker.css?body=1" for 127.0.0.1 at 2012-09-08 22:32:49 -0500
Served asset /jquery.ui.datepicker.css - 304 Not Modified (4ms)


Started GET "/assets/jquery.js?body=1" for 127.0.0.1 at 2012-09-08 22:32:49 -0500
Served asset /jquery.js - 304 Not Modified (4ms)


Started GET "/assets/jquery_ujs.js?body=1" for 127.0.0.1 at 2012-09-08 22:32:49 -0500
Served asset /jquery_ujs.js - 304 Not Modified (1ms)


Started GET "/assets/jquery.ui.datepicker.js?body=1" for 127.0.0.1 at 2012-09-08 22:32:49 -0500
Served asset /jquery.ui.datepicker.js - 304 Not Modified (4ms)


Started GET "/assets/jquery.ui.core.js?body=1" for 127.0.0.1 at 2012-09-08 22:32:49 -0500
Served asset /jquery.ui.core.js - 304 Not Modified (4ms)


Started GET "/assets/articles.js?body=1" for 127.0.0.1 at 2012-09-08 22:32:49 -0500
Served asset /articles.js - 200 OK (1ms)


Started GET "/assets/application.js?body=1" for 127.0.0.1 at 2012-09-08 22:32:49 -0500
Served asset /application.js - 200 OK (7ms)


Started GET "/assets/jquery-ui/ui-bg_flat_75_ffffff_40x100.png" for 127.0.0.1 at 2012-09-08 22:32:49 -0500
Served asset /jquery-ui/ui-bg_flat_75_ffffff_40x100.png - 304 Not Modified (64ms)


Started GET "/assets/jquery-ui/ui-bg_highlight-soft_75_cccccc_1x100.png" for 127.0.0.1 at 2012-09-08 22:32:51 -0500
Served asset /jquery-ui/ui-bg_highlight-soft_75_cccccc_1x100.png - 200 OK (6ms)


Started GET "/assets/jquery-ui/ui-icons_222222_256x240.png" for 127.0.0.1 at 2012-09-08 22:32:51 -0500
Served asset /jquery-ui/ui-icons_222222_256x240.png - 200 OK (12ms)


Started GET "/assets/jquery-ui/ui-bg_glass_55_fbf9ee_1x400.png" for 127.0.0.1 at 2012-09-08 22:32:52 -0500
Served asset /jquery-ui/ui-bg_glass_55_fbf9ee_1x400.png - 200 OK (9ms)


Started GET "/assets/jquery-ui/ui-bg_glass_75_e6e6e6_1x400.png" for 127.0.0.1 at 2012-09-08 22:32:52 -0500
Served asset /jquery-ui/ui-bg_glass_75_e6e6e6_1x400.png - 200 OK (46ms)


Started GET "/assets/jquery-ui/ui-bg_glass_75_dadada_1x400.png" for 127.0.0.1 at 2012-09-08 23:17:22 -0500
Served asset /jquery-ui/ui-bg_glass_75_dadada_1x400.png - 200 OK (20ms)
